E:\FACULTAD\TDI\PROGRAMAS\OF_V0.8.4_VS_RELEASE\OF_V0.8.4_VS_RELEASE\APPS\MYAPPS\ADDONS\OFXCV\LIBS\OFXCV\SRC\WRAPPERS.OBJ
E:\FACULTAD\TDI\PROGRAMAS\OF_V0.8.4_VS_RELEASE\OF_V0.8.4_VS_RELEASE\APPS\MYAPPS\ADDONS\OFXCV\LIBS\OFXCV\SRC\UTILITIES.OBJ
E:\FACULTAD\TDI\PROGRAMAS\OF_V0.8.4_VS_RELEASE\OF_V0.8.4_VS_RELEASE\APPS\MYAPPS\ADDONS\OFXCV\LIBS\OFXCV\SRC\TRACKER.OBJ
E:\FACULTAD\TDI\PROGRAMAS\OF_V0.8.4_VS_RELEASE\OF_V0.8.4_VS_RELEASE\APPS\MYAPPS\ADDONS\OFXCV\LIBS\OFXCV\SRC\RUNNINGBACKGROUND.OBJ
E:\FACULTAD\TDI\PROGRAMAS\OF_V0.8.4_VS_RELEASE\OF_V0.8.4_VS_RELEASE\APPS\MYAPPS\ADDONS\OFXCV\LIBS\OFXCV\SRC\HELPERS.OBJ
E:\FACULTAD\TDI\PROGRAMAS\OF_V0.8.4_VS_RELEASE\OF_V0.8.4_VS_RELEASE\APPS\MYAPPS\ADDONS\OFXCV\LIBS\OFXCV\SRC\FLOW.OBJ
E:\FACULTAD\TDI\PROGRAMAS\OF_V0.8.4_VS_RELEASE\OF_V0.8.4_VS_RELEASE\APPS\MYAPPS\ADDONS\OFXCV\LIBS\OFXCV\SRC\DISTANCE.OBJ
E:\FACULTAD\TDI\PROGRAMAS\OF_V0.8.4_VS_RELEASE\OF_V0.8.4_VS_RELEASE\APPS\MYAPPS\ADDONS\OFXCV\LIBS\OFXCV\SRC\CONTOURFINDER.OBJ
E:\FACULTAD\TDI\PROGRAMAS\OF_V0.8.4_VS_RELEASE\OF_V0.8.4_VS_RELEASE\APPS\MYAPPS\ADDONS\OFXCV\LIBS\OFXCV\SRC\CALIBRATION.OBJ
E:\FACULTAD\TDI\PROGRAMAS\OF_V0.8.4_VS_RELEASE\OF_V0.8.4_VS_RELEASE\APPS\MYAPPS\ADDONS\OFXFACETRACKER\LIBS\FACETRACKER\SRC\LIB\TRACKER.OBJ
E:\FACULTAD\TDI\PROGRAMAS\OF_V0.8.4_VS_RELEASE\OF_V0.8.4_VS_RELEASE\APPS\MYAPPS\ADDONS\OFXFACETRACKER\LIBS\FACETRACKER\SRC\LIB\PDM.OBJ
E:\FACULTAD\TDI\PROGRAMAS\OF_V0.8.4_VS_RELEASE\OF_V0.8.4_VS_RELEASE\APPS\MYAPPS\ADDONS\OFXFACETRACKER\LIBS\FACETRACKER\SRC\LIB\PAW.OBJ
E:\FACULTAD\TDI\PROGRAMAS\OF_V0.8.4_VS_RELEASE\OF_V0.8.4_VS_RELEASE\APPS\MYAPPS\ADDONS\OFXFACETRACKER\LIBS\FACETRACKER\SRC\LIB\PATCH.OBJ
E:\FACULTAD\TDI\PROGRAMAS\OF_V0.8.4_VS_RELEASE\OF_V0.8.4_VS_RELEASE\APPS\MYAPPS\ADDONS\OFXFACETRACKER\LIBS\FACETRACKER\SRC\LIB\IO.OBJ
E:\FACULTAD\TDI\PROGRAMAS\OF_V0.8.4_VS_RELEASE\OF_V0.8.4_VS_RELEASE\APPS\MYAPPS\ADDONS\OFXFACETRACKER\LIBS\FACETRACKER\SRC\LIB\FDET.OBJ
E:\FACULTAD\TDI\PROGRAMAS\OF_V0.8.4_VS_RELEASE\OF_V0.8.4_VS_RELEASE\APPS\MYAPPS\ADDONS\OFXFACETRACKER\LIBS\FACETRACKER\SRC\LIB\FCHECK.OBJ
E:\FACULTAD\TDI\PROGRAMAS\OF_V0.8.4_VS_RELEASE\OF_V0.8.4_VS_RELEASE\APPS\MYAPPS\ADDONS\OFXFACETRACKER\LIBS\FACETRACKER\SRC\LIB\CLM.OBJ
E:\FACULTAD\TDI\PROGRAMAS\OF_V0.8.4_VS_RELEASE\OF_V0.8.4_VS_RELEASE\APPS\MYAPPS\ADDONS\OFXFACETRACKER\SRC\OFXFACETRACKER.OBJ
E:\FACULTAD\TDI\PROGRAMAS\OF_V0.8.4_VS_RELEASE\OF_V0.8.4_VS_RELEASE\APPS\MYAPPS\ADDONS\OFXFACETRACKER\SRC\EXPRESSIONCLASSIFIER.OBJ
E:\FACULTAD\TDI\PROGRAMAS\OF_V0.8.4_VS_RELEASE\OF_V0.8.4_VS_RELEASE\APPS\MYAPPS\ADDONS\OFXFACETRACKER\SRC\EXPRESSION.OBJ
E:\FACULTAD\TDI\PROGRAMAS\OF_V0.8.4_VS_RELEASE\OF_V0.8.4_VS_RELEASE\APPS\MYAPPS\ADDONS\OFXOSC\LIBS\OSCPACK\SRC\IP\IPENDPOINTNAME.OBJ
E:\FACULTAD\TDI\PROGRAMAS\OF_V0.8.4_VS_RELEASE\OF_V0.8.4_VS_RELEASE\APPS\MYAPPS\ADDONS\OFXOSC\LIBS\OSCPACK\SRC\IP\POSIX\UDPSOCKET.OBJ
E:\FACULTAD\TDI\PROGRAMAS\OF_V0.8.4_VS_RELEASE\OF_V0.8.4_VS_RELEASE\APPS\MYAPPS\ADDONS\OFXOSC\LIBS\OSCPACK\SRC\IP\POSIX\NETWORKINGUTILS.OBJ
E:\FACULTAD\TDI\PROGRAMAS\OF_V0.8.4_VS_RELEASE\OF_V0.8.4_VS_RELEASE\APPS\MYAPPS\ADDONS\OFXOSC\LIBS\OSCPACK\SRC\IP\WIN32\UDPSOCKETWIN.OBJ
E:\FACULTAD\TDI\PROGRAMAS\OF_V0.8.4_VS_RELEASE\OF_V0.8.4_VS_RELEASE\APPS\MYAPPS\ADDONS\OFXOSC\LIBS\OSCPACK\SRC\IP\WIN32\NETWORKINGUTILSWIN.OBJ
E:\FACULTAD\TDI\PROGRAMAS\OF_V0.8.4_VS_RELEASE\OF_V0.8.4_VS_RELEASE\APPS\MYAPPS\ADDONS\OFXOSC\LIBS\OSCPACK\SRC\OSC\OSCTYPES.OBJ
E:\FACULTAD\TDI\PROGRAMAS\OF_V0.8.4_VS_RELEASE\OF_V0.8.4_VS_RELEASE\APPS\MYAPPS\ADDONS\OFXOSC\LIBS\OSCPACK\SRC\OSC\OSCRECEIVEDELEMENTS.OBJ
E:\FACULTAD\TDI\PROGRAMAS\OF_V0.8.4_VS_RELEASE\OF_V0.8.4_VS_RELEASE\APPS\MYAPPS\ADDONS\OFXOSC\LIBS\OSCPACK\SRC\OSC\OSCPRINTRECEIVEDELEMENTS.OBJ
E:\FACULTAD\TDI\PROGRAMAS\OF_V0.8.4_VS_RELEASE\OF_V0.8.4_VS_RELEASE\APPS\MYAPPS\ADDONS\OFXOSC\LIBS\OSCPACK\SRC\OSC\OSCOUTBOUNDPACKETSTREAM.OBJ
E:\FACULTAD\TDI\PROGRAMAS\OF_V0.8.4_VS_RELEASE\OF_V0.8.4_VS_RELEASE\APPS\MYAPPS\ADDONS\OFXOSC\SRC\OFXOSCSENDER.OBJ
E:\FACULTAD\TDI\PROGRAMAS\OF_V0.8.4_VS_RELEASE\OF_V0.8.4_VS_RELEASE\APPS\MYAPPS\ADDONS\OFXOSC\SRC\OFXOSCRECEIVER.OBJ
E:\FACULTAD\TDI\PROGRAMAS\OF_V0.8.4_VS_RELEASE\OF_V0.8.4_VS_RELEASE\APPS\MYAPPS\ADDONS\OFXOSC\SRC\OFXOSCPARAMETERSYNC.OBJ
E:\FACULTAD\TDI\PROGRAMAS\OF_V0.8.4_VS_RELEASE\OF_V0.8.4_VS_RELEASE\APPS\MYAPPS\ADDONS\OFXOSC\SRC\OFXOSCMESSAGE.OBJ
E:\FACULTAD\TDI\PROGRAMAS\OF_V0.8.4_VS_RELEASE\OF_V0.8.4_VS_RELEASE\APPS\MYAPPS\ADDONS\OFXOSC\SRC\OFXOSCBUNDLE.OBJ
E:\FACULTAD\TDI\PROGRAMAS\OF_V0.8.4_VS_RELEASE\OF_V0.8.4_VS_RELEASE\APPS\MYAPPS\EXAMPLE-QUAD\OBJ\RELEASE\SRC\TESTAPP.OBJ
E:\FACULTAD\TDI\PROGRAMAS\OF_V0.8.4_VS_RELEASE\OF_V0.8.4_VS_RELEASE\APPS\MYAPPS\EXAMPLE-QUAD\OBJ\RELEASE\SRC\MAIN.OBJ
E:\Facultad\tdi\programas\of_v0.8.4_vs_release\of_v0.8.4_vs_release\apps\myApps\example-quad\bin\EmptyExample.lib
E:\Facultad\tdi\programas\of_v0.8.4_vs_release\of_v0.8.4_vs_release\apps\myApps\example-quad\bin\EmptyExample.exp
E:\FACULTAD\TDI\PROGRAMAS\OF_V0.8.4_VS_RELEASE\OF_V0.8.4_VS_RELEASE\APPS\MYAPPS\EXAMPLE-QUAD\BIN\EMPTYEXAMPLE.EXE
E:\Facultad\tdi\programas\of_v0.8.4_vs_release\of_v0.8.4_vs_release\apps\myApps\example-quad\obj\Release\EmptyExample.vcxprojResolveAssemblyReference.cache
E:\Facultad\tdi\programas\of_v0.8.4_vs_release\of_v0.8.4_vs_release\apps\myApps\example-quad\obj\Release\cl.command.1.tlog
E:\Facultad\tdi\programas\of_v0.8.4_vs_release\of_v0.8.4_vs_release\apps\myApps\example-quad\obj\Release\CL.read.1.tlog
E:\Facultad\tdi\programas\of_v0.8.4_vs_release\of_v0.8.4_vs_release\apps\myApps\example-quad\obj\Release\CL.write.1.tlog
E:\Facultad\tdi\programas\of_v0.8.4_vs_release\of_v0.8.4_vs_release\apps\myApps\example-quad\obj\Release\EmptyExample.write.1.tlog
E:\Facultad\tdi\programas\of_v0.8.4_vs_release\of_v0.8.4_vs_release\apps\myApps\example-quad\obj\Release\link-cvtres.read.1.tlog
E:\Facultad\tdi\programas\of_v0.8.4_vs_release\of_v0.8.4_vs_release\apps\myApps\example-quad\obj\Release\link-cvtres.write.1.tlog
E:\Facultad\tdi\programas\of_v0.8.4_vs_release\of_v0.8.4_vs_release\apps\myApps\example-quad\obj\Release\link-rc.read.1.tlog
E:\Facultad\tdi\programas\of_v0.8.4_vs_release\of_v0.8.4_vs_release\apps\myApps\example-quad\obj\Release\link-rc.write.1.tlog
E:\Facultad\tdi\programas\of_v0.8.4_vs_release\of_v0.8.4_vs_release\apps\myApps\example-quad\obj\Release\link.command.1.tlog
E:\Facultad\tdi\programas\of_v0.8.4_vs_release\of_v0.8.4_vs_release\apps\myApps\example-quad\obj\Release\link.read.1.tlog
E:\Facultad\tdi\programas\of_v0.8.4_vs_release\of_v0.8.4_vs_release\apps\myApps\example-quad\obj\Release\link.write.1.tlog
E:\Facultad\tdi\programas\of_v0.8.4_vs_release\of_v0.8.4_vs_release\apps\myApps\example-quad\bin\EmptyExample.exe
