Build started 10/11/2014 10:39:44 p.m..
     1>Project "E:\Facultad\tdi\programas\of_v0.8.4_vs_release\of_v0.8.4_vs_release\apps\myApps\exampleOutput\exampleOutput.vcxproj" on node 2 (Build target(s)).
     1>ClCompile:
         C:\Program Files (x86)\Microsoft Visual Studio 11.0\VC\bin\CL.exe /c /I..\..\..\libs\openFrameworks /I..\..\..\libs\openFrameworks\graphics /I..\..\..\libs\openFrameworks\app /I..\..\..\libs\openFrameworks\sound /I..\..\..\libs\openFrameworks\utils /I..\..\..\libs\openFrameworks\communication /I..\..\..\libs\openFrameworks\video /I..\..\..\libs\openFrameworks\types /I..\..\..\libs\openFrameworks\math /I..\..\..\libs\openFrameworks\3d /I..\..\..\libs\openFrameworks\gl /I..\..\..\libs\openFrameworks\events /I..\..\..\libs\glut\include /I..\..\..\libs\rtAudio\include /I..\..\..\libs\quicktime\include /I..\..\..\libs\freetype\include /I..\..\..\libs\freetype\include\freetype2 /I..\..\..\libs\freeImage\include /I..\..\..\libs\fmodex\include /I..\..\..\libs\videoInput\include /I..\..\..\libs\glew\include\ /I..\..\..\libs\glu\include /I..\..\..\libs\tess2\include /I..\..\..\libs\cairo\include\cairo /I..\..\..\libs\poco\include /I..\..\..\libs\glfw\include /I..\..\..\libs\openssl\include /I..\..\..\addons /Isrc /I..\..\..\addons\ofxMidi\libs /I..\..\..\addons\ofxMidi\src /I..\..\..\addons\ofxMidi\libs\pgmidi /I..\..\..\addons\ofxMidi\libs\rtmidi /I..\..\..\addons\ofxMidi\src\desktop /I..\..\..\addons\ofxMidi\src\ios /ZI /nologo /W3 /WX- /Od /Oy- /D WIN32 /D _DEBUG /D _CONSOLE /D POCO_STATIC /D CAIRO_WIN32_STATIC_BUILD /D DISABLE_SOME_FLOATING_POINT /D _UNICODE /D UNICODE /Gm /EHsc /RTC1 /MDd /GS /fp:precise /Zc:wchar_t /Zc:forScope /Fo"obj\Debug\\" /Fd"obj\Debug\vc110.pdb" /Gd /TP /analyze- /errorReport:prompt ..\..\..\addons\ofxOsc\libs\oscpack\src\ip\IpEndpointName.cpp ..\..\..\addons\ofxOsc\libs\oscpack\src\ip\posix\NetworkingUtils.cpp ..\..\..\addons\ofxOsc\libs\oscpack\src\ip\posix\UdpSocket.cpp ..\..\..\addons\ofxOsc\libs\oscpack\src\ip\win32\NetworkingUtilsWin.cpp ..\..\..\addons\ofxOsc\libs\oscpack\src\ip\win32\UdpSocketWin.cpp ..\..\..\addons\ofxOsc\libs\oscpack\src\osc\OscOutboundPacketStream.cpp ..\..\..\addons\ofxOsc\libs\oscpack\src\osc\OscPrintReceivedElements.cpp ..\..\..\addons\ofxOsc\libs\oscpack\src\osc\OscReceivedElements.cpp ..\..\..\addons\ofxOsc\libs\oscpack\src\osc\OscTypes.cpp ..\..\..\addons\ofxOsc\src\ofxOscBundle.cpp ..\..\..\addons\ofxOsc\src\ofxOscMessage.cpp ..\..\..\addons\ofxOsc\src\ofxOscParameterSync.cpp ..\..\..\addons\ofxOsc\src\ofxOscReceiver.cpp ..\..\..\addons\ofxOsc\src\ofxOscSender.cpp src\Controller.cpp src\Estructura.cpp src\main.cpp src\Nunchuk.cpp src\testApp.cpp ..\..\..\addons\ofxMidi\src\desktop\ofxRtMidiIn.cpp ..\..\..\addons\ofxMidi\src\desktop\ofxRtMidiOut.cpp ..\..\..\addons\ofxMidi\src\ofxBaseMidi.cpp ..\..\..\addons\ofxMidi\src\ofxMidi.cpp ..\..\..\addons\ofxMidi\src\ofxMidiIn.cpp ..\..\..\addons\ofxMidi\src\ofxMidiMessage.cpp ..\..\..\addons\ofxMidi\src\ofxMidiOut.cpp ..\..\..\addons\ofxMidi\libs\rtmidi\RtMidi.cpp src\WiiData.cpp src\Wiimote.cpp
         Wiimote.cpp
         WiiData.cpp
         RtMidi.cpp
         ofxMidiOut.cpp
         ofxMidiMessage.cpp
         ofxMidiIn.cpp
         ofxMidi.cpp
         ofxBaseMidi.cpp
         ofxRtMidiOut.cpp
         ofxRtMidiIn.cpp
         testApp.cpp
     1>e:\facultad\tdi\programas\of_v0.8.4_vs_release\of_v0.8.4_vs_release\libs\poco\include\poco\streamconverter.h(126): warning C4250: 'Poco::InputStreamConverter' : inherits 'std::basic_istream<_Elem,_Traits>::std::basic_istream<_Elem,_Traits>::_Add_vtordisp1' via dominance
                 with
                 [
                     _Elem=char,
                     _Traits=std::char_traits<char>
                 ]
                 c:\program files (x86)\microsoft visual studio 11.0\vc\include\istream(74) : see declaration of 'std::basic_istream<_Elem,_Traits>::_Add_vtordisp1'
                 with
                 [
                     _Elem=char,
                     _Traits=std::char_traits<char>
                 ]
     1>e:\facultad\tdi\programas\of_v0.8.4_vs_release\of_v0.8.4_vs_release\libs\poco\include\poco\streamconverter.h(144): warning C4250: 'Poco::OutputStreamConverter' : inherits 'std::basic_ostream<_Elem,_Traits>::std::basic_ostream<_Elem,_Traits>::_Add_vtordisp2' via dominance
                 with
                 [
                     _Elem=char,
                     _Traits=std::char_traits<char>
                 ]
                 c:\program files (x86)\microsoft visual studio 11.0\vc\include\ostream(90) : see declaration of 'std::basic_ostream<_Elem,_Traits>::_Add_vtordisp2'
                 with
                 [
                     _Elem=char,
                     _Traits=std::char_traits<char>
                 ]
     1>e:\facultad\tdi\programas\of_v0.8.4_vs_release\of_v0.8.4_vs_release\apps\myapps\exampleoutput\src\testapp.h(15): fatal error C1083: Cannot open include file: 'ofxOsc.h': No such file or directory
         Nunchuk.cpp
         main.cpp
     1>e:\facultad\tdi\programas\of_v0.8.4_vs_release\of_v0.8.4_vs_release\libs\poco\include\poco\streamconverter.h(126): warning C4250: 'Poco::InputStreamConverter' : inherits 'std::basic_istream<_Elem,_Traits>::std::basic_istream<_Elem,_Traits>::_Add_vtordisp1' via dominance
                 with
                 [
                     _Elem=char,
                     _Traits=std::char_traits<char>
                 ]
                 c:\program files (x86)\microsoft visual studio 11.0\vc\include\istream(74) : see declaration of 'std::basic_istream<_Elem,_Traits>::_Add_vtordisp1'
                 with
                 [
                     _Elem=char,
                     _Traits=std::char_traits<char>
                 ]
     1>e:\facultad\tdi\programas\of_v0.8.4_vs_release\of_v0.8.4_vs_release\libs\poco\include\poco\streamconverter.h(144): warning C4250: 'Poco::OutputStreamConverter' : inherits 'std::basic_ostream<_Elem,_Traits>::std::basic_ostream<_Elem,_Traits>::_Add_vtordisp2' via dominance
                 with
                 [
                     _Elem=char,
                     _Traits=std::char_traits<char>
                 ]
                 c:\program files (x86)\microsoft visual studio 11.0\vc\include\ostream(90) : see declaration of 'std::basic_ostream<_Elem,_Traits>::_Add_vtordisp2'
                 with
                 [
                     _Elem=char,
                     _Traits=std::char_traits<char>
                 ]
     1>e:\facultad\tdi\programas\of_v0.8.4_vs_release\of_v0.8.4_vs_release\apps\myapps\exampleoutput\src\testapp.h(15): fatal error C1083: Cannot open include file: 'ofxOsc.h': No such file or directory
         Estructura.cpp
         Controller.cpp
         ofxOscSender.cpp
     1>e:\facultad\tdi\programas\of_v0.8.4_vs_release\of_v0.8.4_vs_release\addons\ofxosc\src\ofxoscsender.h(41): fatal error C1083: Cannot open include file: 'OscTypes.h': No such file or directory
         ofxOscReceiver.cpp
     1>e:\facultad\tdi\programas\of_v0.8.4_vs_release\of_v0.8.4_vs_release\libs\poco\include\poco\streamconverter.h(126): warning C4250: 'Poco::InputStreamConverter' : inherits 'std::basic_istream<_Elem,_Traits>::std::basic_istream<_Elem,_Traits>::_Add_vtordisp1' via dominance
                 with
                 [
                     _Elem=char,
                     _Traits=std::char_traits<char>
                 ]
                 c:\program files (x86)\microsoft visual studio 11.0\vc\include\istream(74) : see declaration of 'std::basic_istream<_Elem,_Traits>::_Add_vtordisp1'
                 with
                 [
                     _Elem=char,
                     _Traits=std::char_traits<char>
                 ]
     1>e:\facultad\tdi\programas\of_v0.8.4_vs_release\of_v0.8.4_vs_release\libs\poco\include\poco\streamconverter.h(144): warning C4250: 'Poco::OutputStreamConverter' : inherits 'std::basic_ostream<_Elem,_Traits>::std::basic_ostream<_Elem,_Traits>::_Add_vtordisp2' via dominance
                 with
                 [
                     _Elem=char,
                     _Traits=std::char_traits<char>
                 ]
                 c:\program files (x86)\microsoft visual studio 11.0\vc\include\ostream(90) : see declaration of 'std::basic_ostream<_Elem,_Traits>::_Add_vtordisp2'
                 with
                 [
                     _Elem=char,
                     _Traits=std::char_traits<char>
                 ]
     1>e:\facultad\tdi\programas\of_v0.8.4_vs_release\of_v0.8.4_vs_release\addons\ofxosc\src\ofxoscreceiver.h(43): fatal error C1083: Cannot open include file: 'OscTypes.h': No such file or directory
         ofxOscParameterSync.cpp
     1>e:\facultad\tdi\programas\of_v0.8.4_vs_release\of_v0.8.4_vs_release\addons\ofxosc\src\ofxoscsender.h(41): fatal error C1083: Cannot open include file: 'OscTypes.h': No such file or directory
         ofxOscMessage.cpp
     1>e:\facultad\tdi\programas\of_v0.8.4_vs_release\of_v0.8.4_vs_release\libs\poco\include\poco\streamconverter.h(126): warning C4250: 'Poco::InputStreamConverter' : inherits 'std::basic_istream<_Elem,_Traits>::std::basic_istream<_Elem,_Traits>::_Add_vtordisp1' via dominance
                 with
                 [
                     _Elem=char,
                     _Traits=std::char_traits<char>
                 ]
                 c:\program files (x86)\microsoft visual studio 11.0\vc\include\istream(74) : see declaration of 'std::basic_istream<_Elem,_Traits>::_Add_vtordisp1'
                 with
                 [
                     _Elem=char,
                     _Traits=std::char_traits<char>
                 ]
     1>e:\facultad\tdi\programas\of_v0.8.4_vs_release\of_v0.8.4_vs_release\libs\poco\include\poco\streamconverter.h(144): warning C4250: 'Poco::OutputStreamConverter' : inherits 'std::basic_ostream<_Elem,_Traits>::std::basic_ostream<_Elem,_Traits>::_Add_vtordisp2' via dominance
                 with
                 [
                     _Elem=char,
                     _Traits=std::char_traits<char>
                 ]
                 c:\program files (x86)\microsoft visual studio 11.0\vc\include\ostream(90) : see declaration of 'std::basic_ostream<_Elem,_Traits>::_Add_vtordisp2'
                 with
                 [
                     _Elem=char,
                     _Traits=std::char_traits<char>
                 ]
         ofxOscBundle.cpp
     1>e:\facultad\tdi\programas\of_v0.8.4_vs_release\of_v0.8.4_vs_release\libs\poco\include\poco\streamconverter.h(126): warning C4250: 'Poco::InputStreamConverter' : inherits 'std::basic_istream<_Elem,_Traits>::std::basic_istream<_Elem,_Traits>::_Add_vtordisp1' via dominance
                 with
                 [
                     _Elem=char,
                     _Traits=std::char_traits<char>
                 ]
                 c:\program files (x86)\microsoft visual studio 11.0\vc\include\istream(74) : see declaration of 'std::basic_istream<_Elem,_Traits>::_Add_vtordisp1'
                 with
                 [
                     _Elem=char,
                     _Traits=std::char_traits<char>
                 ]
     1>e:\facultad\tdi\programas\of_v0.8.4_vs_release\of_v0.8.4_vs_release\libs\poco\include\poco\streamconverter.h(144): warning C4250: 'Poco::OutputStreamConverter' : inherits 'std::basic_ostream<_Elem,_Traits>::std::basic_ostream<_Elem,_Traits>::_Add_vtordisp2' via dominance
                 with
                 [
                     _Elem=char,
                     _Traits=std::char_traits<char>
                 ]
                 c:\program files (x86)\microsoft visual studio 11.0\vc\include\ostream(90) : see declaration of 'std::basic_ostream<_Elem,_Traits>::_Add_vtordisp2'
                 with
                 [
                     _Elem=char,
                     _Traits=std::char_traits<char>
                 ]
         Generating Code...
         Compiling...
         OscTypes.cpp
         OscReceivedElements.cpp
         OscPrintReceivedElements.cpp
     1>e:\facultad\tdi\programas\of_v0.8.4_vs_release\of_v0.8.4_vs_release\addons\ofxosc\libs\oscpack\src\osc\oscprintreceivedelements.cpp(118): warning C4996: 'ctime': This function or variable may be unsafe. Consider using ctime_s instead. To disable deprecation, use _CRT_SECURE_NO_WARNINGS. See online help for details.
                 c:\program files (x86)\microsoft visual studio 11.0\vc\include\time.inl(86) : see declaration of 'ctime'
     1>e:\facultad\tdi\programas\of_v0.8.4_vs_release\of_v0.8.4_vs_release\addons\ofxosc\libs\oscpack\src\osc\oscprintreceivedelements.cpp(121): warning C4996: 'strcpy': This function or variable may be unsafe. Consider using strcpy_s instead. To disable deprecation, use _CRT_SECURE_NO_WARNINGS. See online help for details.
                 c:\program files (x86)\microsoft visual studio 11.0\vc\include\string.h(110) : see declaration of 'strcpy'
         OscOutboundPacketStream.cpp
     1>e:\facultad\tdi\programas\of_v0.8.4_vs_release\of_v0.8.4_vs_release\addons\ofxosc\libs\oscpack\src\osc\oscoutboundpacketstream.cpp(339): warning C4996: 'strcpy': This function or variable may be unsafe. Consider using strcpy_s instead. To disable deprecation, use _CRT_SECURE_NO_WARNINGS. See online help for details.
                 c:\program files (x86)\microsoft visual studio 11.0\vc\include\string.h(110) : see declaration of 'strcpy'
     1>e:\facultad\tdi\programas\of_v0.8.4_vs_release\of_v0.8.4_vs_release\addons\ofxosc\libs\oscpack\src\osc\oscoutboundpacketstream.cpp(581): warning C4996: 'strcpy': This function or variable may be unsafe. Consider using strcpy_s instead. To disable deprecation, use _CRT_SECURE_NO_WARNINGS. See online help for details.
                 c:\program files (x86)\microsoft visual studio 11.0\vc\include\string.h(110) : see declaration of 'strcpy'
     1>e:\facultad\tdi\programas\of_v0.8.4_vs_release\of_v0.8.4_vs_release\addons\ofxosc\libs\oscpack\src\osc\oscoutboundpacketstream.cpp(601): warning C4996: 'strcpy': This function or variable may be unsafe. Consider using strcpy_s instead. To disable deprecation, use _CRT_SECURE_NO_WARNINGS. See online help for details.
                 c:\program files (x86)\microsoft visual studio 11.0\vc\include\string.h(110) : see declaration of 'strcpy'
         UdpSocketWin.cpp
     1>e:\facultad\tdi\programas\of_v0.8.4_vs_release\of_v0.8.4_vs_release\addons\ofxosc\libs\oscpack\src\ip\win32\udpsocketwin.cpp(30): fatal error C1083: Cannot open include file: 'UdpSocket.h': No such file or directory
         NetworkingUtilsWin.cpp
     1>e:\facultad\tdi\programas\of_v0.8.4_vs_release\of_v0.8.4_vs_release\addons\ofxosc\libs\oscpack\src\ip\win32\networkingutilswin.cpp(30): fatal error C1083: Cannot open include file: 'NetworkingUtils.h': No such file or directory
         UdpSocket.cpp
     1>e:\facultad\tdi\programas\of_v0.8.4_vs_release\of_v0.8.4_vs_release\addons\ofxosc\libs\oscpack\src\ip\posix\udpsocket.cpp(30): fatal error C1083: Cannot open include file: 'UdpSocket.h': No such file or directory
         NetworkingUtils.cpp
     1>e:\facultad\tdi\programas\of_v0.8.4_vs_release\of_v0.8.4_vs_release\addons\ofxosc\libs\oscpack\src\ip\posix\networkingutils.cpp(30): fatal error C1083: Cannot open include file: 'NetworkingUtils.h': No such file or directory
         IpEndpointName.cpp
     1>e:\facultad\tdi\programas\of_v0.8.4_vs_release\of_v0.8.4_vs_release\addons\ofxosc\libs\oscpack\src\ip\ipendpointname.cpp(46): warning C4996: 'sprintf': This function or variable may be unsafe. Consider using sprintf_s instead. To disable deprecation, use _CRT_SECURE_NO_WARNINGS. See online help for details.
                 c:\program files (x86)\microsoft visual studio 11.0\vc\include\stdio.h(357) : see declaration of 'sprintf'
     1>e:\facultad\tdi\programas\of_v0.8.4_vs_release\of_v0.8.4_vs_release\addons\ofxosc\libs\oscpack\src\ip\ipendpointname.cpp(52): warning C4996: 'sprintf': This function or variable may be unsafe. Consider using sprintf_s instead. To disable deprecation, use _CRT_SECURE_NO_WARNINGS. See online help for details.
                 c:\program files (x86)\microsoft visual studio 11.0\vc\include\stdio.h(357) : see declaration of 'sprintf'
     1>e:\facultad\tdi\programas\of_v0.8.4_vs_release\of_v0.8.4_vs_release\addons\ofxosc\libs\oscpack\src\ip\ipendpointname.cpp(61): warning C4996: 'sprintf': This function or variable may be unsafe. Consider using sprintf_s instead. To disable deprecation, use _CRT_SECURE_NO_WARNINGS. See online help for details.
                 c:\program files (x86)\microsoft visual studio 11.0\vc\include\stdio.h(357) : see declaration of 'sprintf'
     1>e:\facultad\tdi\programas\of_v0.8.4_vs_release\of_v0.8.4_vs_release\addons\ofxosc\libs\oscpack\src\ip\ipendpointname.cpp(67): warning C4996: 'sprintf': This function or variable may be unsafe. Consider using sprintf_s instead. To disable deprecation, use _CRT_SECURE_NO_WARNINGS. See online help for details.
                 c:\program files (x86)\microsoft visual studio 11.0\vc\include\stdio.h(357) : see declaration of 'sprintf'
     1>e:\facultad\tdi\programas\of_v0.8.4_vs_release\of_v0.8.4_vs_release\addons\ofxosc\libs\oscpack\src\ip\ipendpointname.cpp(71): warning C4996: 'sprintf': This function or variable may be unsafe. Consider using sprintf_s instead. To disable deprecation, use _CRT_SECURE_NO_WARNINGS. See online help for details.
                 c:\program files (x86)\microsoft visual studio 11.0\vc\include\stdio.h(357) : see declaration of 'sprintf'
     1>e:\facultad\tdi\programas\of_v0.8.4_vs_release\of_v0.8.4_vs_release\addons\ofxosc\libs\oscpack\src\ip\ipendpointname.cpp(78): warning C4996: 'sprintf': This function or variable may be unsafe. Consider using sprintf_s instead. To disable deprecation, use _CRT_SECURE_NO_WARNINGS. See online help for details.
                 c:\program files (x86)\microsoft visual studio 11.0\vc\include\stdio.h(357) : see declaration of 'sprintf'
         Generating Code...
     1>Done Building Project "E:\Facultad\tdi\programas\of_v0.8.4_vs_release\of_v0.8.4_vs_release\apps\myApps\exampleOutput\exampleOutput.vcxproj" (Build target(s)) -- FAILED.

Build FAILED.

Time Elapsed 00:00:38.51
