E:\FACULTAD\TDI\PROGRAMAS\OF_V0.8.4_VS_RELEASE\OF_V0.8.4_VS_RELEASE\APPS\MYAPPS\EXAMPLEOUTPUT\OBJ\RELEASE\OFXRTMIDIIN.OBJ
E:\FACULTAD\TDI\PROGRAMAS\OF_V0.8.4_VS_RELEASE\OF_V0.8.4_VS_RELEASE\APPS\MYAPPS\EXAMPLEOUTPUT\OBJ\RELEASE\TESTAPP.OBJ
E:\FACULTAD\TDI\PROGRAMAS\OF_V0.8.4_VS_RELEASE\OF_V0.8.4_VS_RELEASE\APPS\MYAPPS\EXAMPLEOUTPUT\OBJ\RELEASE\NUNCHUK.OBJ
E:\FACULTAD\TDI\PROGRAMAS\OF_V0.8.4_VS_RELEASE\OF_V0.8.4_VS_RELEASE\APPS\MYAPPS\EXAMPLEOUTPUT\OBJ\RELEASE\MAIN.OBJ
E:\FACULTAD\TDI\PROGRAMAS\OF_V0.8.4_VS_RELEASE\OF_V0.8.4_VS_RELEASE\APPS\MYAPPS\EXAMPLEOUTPUT\OBJ\RELEASE\ESTRUCTURA.OBJ
E:\FACULTAD\TDI\PROGRAMAS\OF_V0.8.4_VS_RELEASE\OF_V0.8.4_VS_RELEASE\APPS\MYAPPS\EXAMPLEOUTPUT\OBJ\RELEASE\CONTROLLER.OBJ
E:\FACULTAD\TDI\PROGRAMAS\OF_V0.8.4_VS_RELEASE\OF_V0.8.4_VS_RELEASE\APPS\MYAPPS\EXAMPLEOUTPUT\OBJ\RELEASE\OFXOSCSENDER.OBJ
E:\FACULTAD\TDI\PROGRAMAS\OF_V0.8.4_VS_RELEASE\OF_V0.8.4_VS_RELEASE\APPS\MYAPPS\EXAMPLEOUTPUT\OBJ\RELEASE\OFXOSCRECEIVER.OBJ
E:\FACULTAD\TDI\PROGRAMAS\OF_V0.8.4_VS_RELEASE\OF_V0.8.4_VS_RELEASE\APPS\MYAPPS\EXAMPLEOUTPUT\OBJ\RELEASE\OFXOSCPARAMETERSYNC.OBJ
E:\FACULTAD\TDI\PROGRAMAS\OF_V0.8.4_VS_RELEASE\OF_V0.8.4_VS_RELEASE\APPS\MYAPPS\EXAMPLEOUTPUT\OBJ\RELEASE\OFXOSCMESSAGE.OBJ
E:\FACULTAD\TDI\PROGRAMAS\OF_V0.8.4_VS_RELEASE\OF_V0.8.4_VS_RELEASE\APPS\MYAPPS\EXAMPLEOUTPUT\OBJ\RELEASE\OFXOSCBUNDLE.OBJ
E:\FACULTAD\TDI\PROGRAMAS\OF_V0.8.4_VS_RELEASE\OF_V0.8.4_VS_RELEASE\APPS\MYAPPS\EXAMPLEOUTPUT\OBJ\RELEASE\OSCTYPES.OBJ
E:\FACULTAD\TDI\PROGRAMAS\OF_V0.8.4_VS_RELEASE\OF_V0.8.4_VS_RELEASE\APPS\MYAPPS\EXAMPLEOUTPUT\OBJ\RELEASE\OSCRECEIVEDELEMENTS.OBJ
E:\FACULTAD\TDI\PROGRAMAS\OF_V0.8.4_VS_RELEASE\OF_V0.8.4_VS_RELEASE\APPS\MYAPPS\EXAMPLEOUTPUT\OBJ\RELEASE\OSCPRINTRECEIVEDELEMENTS.OBJ
E:\FACULTAD\TDI\PROGRAMAS\OF_V0.8.4_VS_RELEASE\OF_V0.8.4_VS_RELEASE\APPS\MYAPPS\EXAMPLEOUTPUT\OBJ\RELEASE\OSCOUTBOUNDPACKETSTREAM.OBJ
E:\FACULTAD\TDI\PROGRAMAS\OF_V0.8.4_VS_RELEASE\OF_V0.8.4_VS_RELEASE\APPS\MYAPPS\EXAMPLEOUTPUT\OBJ\RELEASE\UDPSOCKETWIN.OBJ
E:\FACULTAD\TDI\PROGRAMAS\OF_V0.8.4_VS_RELEASE\OF_V0.8.4_VS_RELEASE\APPS\MYAPPS\EXAMPLEOUTPUT\OBJ\RELEASE\NETWORKINGUTILSWIN.OBJ
E:\FACULTAD\TDI\PROGRAMAS\OF_V0.8.4_VS_RELEASE\OF_V0.8.4_VS_RELEASE\APPS\MYAPPS\EXAMPLEOUTPUT\OBJ\RELEASE\UDPSOCKET.OBJ
E:\FACULTAD\TDI\PROGRAMAS\OF_V0.8.4_VS_RELEASE\OF_V0.8.4_VS_RELEASE\APPS\MYAPPS\EXAMPLEOUTPUT\OBJ\RELEASE\NETWORKINGUTILS.OBJ
E:\FACULTAD\TDI\PROGRAMAS\OF_V0.8.4_VS_RELEASE\OF_V0.8.4_VS_RELEASE\APPS\MYAPPS\EXAMPLEOUTPUT\OBJ\RELEASE\IPENDPOINTNAME.OBJ
E:\FACULTAD\TDI\PROGRAMAS\OF_V0.8.4_VS_RELEASE\OF_V0.8.4_VS_RELEASE\APPS\MYAPPS\EXAMPLEOUTPUT\OBJ\RELEASE\WIIMOTE.OBJ
E:\FACULTAD\TDI\PROGRAMAS\OF_V0.8.4_VS_RELEASE\OF_V0.8.4_VS_RELEASE\APPS\MYAPPS\EXAMPLEOUTPUT\OBJ\RELEASE\WIIDATA.OBJ
E:\FACULTAD\TDI\PROGRAMAS\OF_V0.8.4_VS_RELEASE\OF_V0.8.4_VS_RELEASE\APPS\MYAPPS\EXAMPLEOUTPUT\OBJ\RELEASE\RTMIDI.OBJ
E:\FACULTAD\TDI\PROGRAMAS\OF_V0.8.4_VS_RELEASE\OF_V0.8.4_VS_RELEASE\APPS\MYAPPS\EXAMPLEOUTPUT\OBJ\RELEASE\OFXMIDIOUT.OBJ
E:\FACULTAD\TDI\PROGRAMAS\OF_V0.8.4_VS_RELEASE\OF_V0.8.4_VS_RELEASE\APPS\MYAPPS\EXAMPLEOUTPUT\OBJ\RELEASE\OFXMIDIMESSAGE.OBJ
E:\FACULTAD\TDI\PROGRAMAS\OF_V0.8.4_VS_RELEASE\OF_V0.8.4_VS_RELEASE\APPS\MYAPPS\EXAMPLEOUTPUT\OBJ\RELEASE\OFXMIDIIN.OBJ
E:\FACULTAD\TDI\PROGRAMAS\OF_V0.8.4_VS_RELEASE\OF_V0.8.4_VS_RELEASE\APPS\MYAPPS\EXAMPLEOUTPUT\OBJ\RELEASE\OFXMIDI.OBJ
E:\FACULTAD\TDI\PROGRAMAS\OF_V0.8.4_VS_RELEASE\OF_V0.8.4_VS_RELEASE\APPS\MYAPPS\EXAMPLEOUTPUT\OBJ\RELEASE\OFXBASEMIDI.OBJ
E:\FACULTAD\TDI\PROGRAMAS\OF_V0.8.4_VS_RELEASE\OF_V0.8.4_VS_RELEASE\APPS\MYAPPS\EXAMPLEOUTPUT\OBJ\RELEASE\OFXRTMIDIOUT.OBJ
E:\FACULTAD\TDI\PROGRAMAS\OF_V0.8.4_VS_RELEASE\OF_V0.8.4_VS_RELEASE\APPS\MYAPPS\EXAMPLEOUTPUT\OBJ\RELEASE\VC110.PDB
E:\Facultad\tdi\programas\of_v0.8.4_vs_release\of_v0.8.4_vs_release\apps\myApps\exampleOutput\bin\exampleOutput.lib
E:\Facultad\tdi\programas\of_v0.8.4_vs_release\of_v0.8.4_vs_release\apps\myApps\exampleOutput\bin\exampleOutput.exp
E:\FACULTAD\TDI\PROGRAMAS\OF_V0.8.4_VS_RELEASE\OF_V0.8.4_VS_RELEASE\APPS\MYAPPS\EXAMPLEOUTPUT\BIN\EXAMPLEOUTPUT.EXE
E:\FACULTAD\TDI\PROGRAMAS\OF_V0.8.4_VS_RELEASE\OF_V0.8.4_VS_RELEASE\APPS\MYAPPS\EXAMPLEOUTPUT\OBJ\RELEASE\ICON.RES
E:\Facultad\tdi\programas\of_v0.8.4_vs_release\of_v0.8.4_vs_release\apps\myApps\exampleOutput\obj\Release\exampleOutput.vcxprojResolveAssemblyReference.cache
E:\Facultad\tdi\programas\of_v0.8.4_vs_release\of_v0.8.4_vs_release\apps\myApps\exampleOutput\obj\Release\Controller.obj
E:\Facultad\tdi\programas\of_v0.8.4_vs_release\of_v0.8.4_vs_release\apps\myApps\exampleOutput\obj\Release\Estructura.obj
E:\Facultad\tdi\programas\of_v0.8.4_vs_release\of_v0.8.4_vs_release\apps\myApps\exampleOutput\obj\Release\IpEndpointName.obj
E:\Facultad\tdi\programas\of_v0.8.4_vs_release\of_v0.8.4_vs_release\apps\myApps\exampleOutput\obj\Release\main.obj
E:\Facultad\tdi\programas\of_v0.8.4_vs_release\of_v0.8.4_vs_release\apps\myApps\exampleOutput\obj\Release\NetworkingUtils.obj
E:\Facultad\tdi\programas\of_v0.8.4_vs_release\of_v0.8.4_vs_release\apps\myApps\exampleOutput\obj\Release\NetworkingUtilsWin.obj
E:\Facultad\tdi\programas\of_v0.8.4_vs_release\of_v0.8.4_vs_release\apps\myApps\exampleOutput\obj\Release\Nunchuk.obj
E:\Facultad\tdi\programas\of_v0.8.4_vs_release\of_v0.8.4_vs_release\apps\myApps\exampleOutput\obj\Release\ofxBaseMidi.obj
E:\Facultad\tdi\programas\of_v0.8.4_vs_release\of_v0.8.4_vs_release\apps\myApps\exampleOutput\obj\Release\ofxMidi.obj
E:\Facultad\tdi\programas\of_v0.8.4_vs_release\of_v0.8.4_vs_release\apps\myApps\exampleOutput\obj\Release\ofxMidiIn.obj
E:\Facultad\tdi\programas\of_v0.8.4_vs_release\of_v0.8.4_vs_release\apps\myApps\exampleOutput\obj\Release\ofxMidiMessage.obj
E:\Facultad\tdi\programas\of_v0.8.4_vs_release\of_v0.8.4_vs_release\apps\myApps\exampleOutput\obj\Release\ofxMidiOut.obj
E:\Facultad\tdi\programas\of_v0.8.4_vs_release\of_v0.8.4_vs_release\apps\myApps\exampleOutput\obj\Release\ofxOscBundle.obj
E:\Facultad\tdi\programas\of_v0.8.4_vs_release\of_v0.8.4_vs_release\apps\myApps\exampleOutput\obj\Release\ofxOscMessage.obj
E:\Facultad\tdi\programas\of_v0.8.4_vs_release\of_v0.8.4_vs_release\apps\myApps\exampleOutput\obj\Release\ofxOscParameterSync.obj
E:\Facultad\tdi\programas\of_v0.8.4_vs_release\of_v0.8.4_vs_release\apps\myApps\exampleOutput\obj\Release\ofxOscReceiver.obj
E:\Facultad\tdi\programas\of_v0.8.4_vs_release\of_v0.8.4_vs_release\apps\myApps\exampleOutput\obj\Release\ofxOscSender.obj
E:\Facultad\tdi\programas\of_v0.8.4_vs_release\of_v0.8.4_vs_release\apps\myApps\exampleOutput\obj\Release\ofxRtMidiIn.obj
E:\Facultad\tdi\programas\of_v0.8.4_vs_release\of_v0.8.4_vs_release\apps\myApps\exampleOutput\obj\Release\ofxRtMidiOut.obj
E:\Facultad\tdi\programas\of_v0.8.4_vs_release\of_v0.8.4_vs_release\apps\myApps\exampleOutput\obj\Release\OscOutboundPacketStream.obj
E:\Facultad\tdi\programas\of_v0.8.4_vs_release\of_v0.8.4_vs_release\apps\myApps\exampleOutput\obj\Release\OscPrintReceivedElements.obj
E:\Facultad\tdi\programas\of_v0.8.4_vs_release\of_v0.8.4_vs_release\apps\myApps\exampleOutput\obj\Release\OscReceivedElements.obj
E:\Facultad\tdi\programas\of_v0.8.4_vs_release\of_v0.8.4_vs_release\apps\myApps\exampleOutput\obj\Release\OscTypes.obj
E:\Facultad\tdi\programas\of_v0.8.4_vs_release\of_v0.8.4_vs_release\apps\myApps\exampleOutput\obj\Release\RtMidi.obj
E:\Facultad\tdi\programas\of_v0.8.4_vs_release\of_v0.8.4_vs_release\apps\myApps\exampleOutput\obj\Release\testApp.obj
E:\Facultad\tdi\programas\of_v0.8.4_vs_release\of_v0.8.4_vs_release\apps\myApps\exampleOutput\obj\Release\UdpSocket.obj
E:\Facultad\tdi\programas\of_v0.8.4_vs_release\of_v0.8.4_vs_release\apps\myApps\exampleOutput\obj\Release\UdpSocketWin.obj
E:\Facultad\tdi\programas\of_v0.8.4_vs_release\of_v0.8.4_vs_release\apps\myApps\exampleOutput\obj\Release\WiiData.obj
E:\Facultad\tdi\programas\of_v0.8.4_vs_release\of_v0.8.4_vs_release\apps\myApps\exampleOutput\obj\Release\Wiimote.obj
E:\Facultad\tdi\programas\of_v0.8.4_vs_release\of_v0.8.4_vs_release\apps\myApps\exampleOutput\obj\Release\cl.command.1.tlog
E:\Facultad\tdi\programas\of_v0.8.4_vs_release\of_v0.8.4_vs_release\apps\myApps\exampleOutput\obj\Release\CL.read.1.tlog
E:\Facultad\tdi\programas\of_v0.8.4_vs_release\of_v0.8.4_vs_release\apps\myApps\exampleOutput\obj\Release\CL.write.1.tlog
E:\Facultad\tdi\programas\of_v0.8.4_vs_release\of_v0.8.4_vs_release\apps\myApps\exampleOutput\obj\Release\exampleOutput.write.1.tlog
E:\Facultad\tdi\programas\of_v0.8.4_vs_release\of_v0.8.4_vs_release\apps\myApps\exampleOutput\obj\Release\link-cvtres.read.1.tlog
E:\Facultad\tdi\programas\of_v0.8.4_vs_release\of_v0.8.4_vs_release\apps\myApps\exampleOutput\obj\Release\link-cvtres.write.1.tlog
E:\Facultad\tdi\programas\of_v0.8.4_vs_release\of_v0.8.4_vs_release\apps\myApps\exampleOutput\obj\Release\link-rc.read.1.tlog
E:\Facultad\tdi\programas\of_v0.8.4_vs_release\of_v0.8.4_vs_release\apps\myApps\exampleOutput\obj\Release\link-rc.write.1.tlog
E:\Facultad\tdi\programas\of_v0.8.4_vs_release\of_v0.8.4_vs_release\apps\myApps\exampleOutput\obj\Release\link.command.1.tlog
E:\Facultad\tdi\programas\of_v0.8.4_vs_release\of_v0.8.4_vs_release\apps\myApps\exampleOutput\obj\Release\link.read.1.tlog
E:\Facultad\tdi\programas\of_v0.8.4_vs_release\of_v0.8.4_vs_release\apps\myApps\exampleOutput\obj\Release\link.write.1.tlog
E:\Facultad\tdi\programas\of_v0.8.4_vs_release\of_v0.8.4_vs_release\apps\myApps\exampleOutput\obj\Release\rc.command.1.tlog
E:\Facultad\tdi\programas\of_v0.8.4_vs_release\of_v0.8.4_vs_release\apps\myApps\exampleOutput\obj\Release\rc.read.1.tlog
E:\Facultad\tdi\programas\of_v0.8.4_vs_release\of_v0.8.4_vs_release\apps\myApps\exampleOutput\obj\Release\rc.write.1.tlog
E:\Facultad\tdi\programas\of_v0.8.4_vs_release\of_v0.8.4_vs_release\apps\myApps\exampleOutput\obj\Release\icon.res
E:\Facultad\tdi\programas\of_v0.8.4_vs_release\of_v0.8.4_vs_release\apps\myApps\exampleOutput\obj\Release\vc110.pdb
E:\Facultad\tdi\programas\of_v0.8.4_vs_release\of_v0.8.4_vs_release\apps\myApps\exampleOutput\bin\exampleOutput.exe
