Build started 06/11/2014 9:27:37.
     1>Project "C:\Users\Gaston\Facultad\TDI\Obligatorio 4\of_v0.8.4_vs_release\apps\myApps\exampleOutput\exampleOutput.vcxproj" on node 2 (Build target(s)).
     1>Link:
         exampleOutput.vcxproj -> C:\Users\Gaston\Facultad\TDI\Obligatorio 4\of_v0.8.4_vs_release\apps\myApps\exampleOutput\bin\exampleOutput.exe
       PostBuildEvent:
         xcopy /e /i /y "C:\Users\Gaston\Facultad\TDI\Obligatorio 4\of_v0.8.4_vs_release\apps\myApps\exampleOutput\..\..\..\export\vs\*.dll" "C:\Users\Gaston\Facultad\TDI\Obligatorio 4\of_v0.8.4_vs_release\apps\myApps\exampleOutput\bin"
         :VCEnd
         C:\Users\Gaston\Facultad\TDI\Obligatorio 4\of_v0.8.4_vs_release\apps\myApps\exampleOutput\..\..\..\export\vs\Assimp32.dll
         C:\Users\Gaston\Facultad\TDI\Obligatorio 4\of_v0.8.4_vs_release\apps\myApps\exampleOutput\..\..\..\export\vs\fmodex.dll
         C:\Users\Gaston\Facultad\TDI\Obligatorio 4\of_v0.8.4_vs_release\apps\myApps\exampleOutput\..\..\..\export\vs\fmodexL.dll
         C:\Users\Gaston\Facultad\TDI\Obligatorio 4\of_v0.8.4_vs_release\apps\myApps\exampleOutput\..\..\..\export\vs\FreeImage.dll
         C:\Users\Gaston\Facultad\TDI\Obligatorio 4\of_v0.8.4_vs_release\apps\myApps\exampleOutput\..\..\..\export\vs\FreeType-6.dll
         C:\Users\Gaston\Facultad\TDI\Obligatorio 4\of_v0.8.4_vs_release\apps\myApps\exampleOutput\..\..\..\export\vs\glut32.dll
         C:\Users\Gaston\Facultad\TDI\Obligatorio 4\of_v0.8.4_vs_release\apps\myApps\exampleOutput\..\..\..\export\vs\libeay32.dll
         C:\Users\Gaston\Facultad\TDI\Obligatorio 4\of_v0.8.4_vs_release\apps\myApps\exampleOutput\..\..\..\export\vs\ssleay32.dll
         C:\Users\Gaston\Facultad\TDI\Obligatorio 4\of_v0.8.4_vs_release\apps\myApps\exampleOutput\..\..\..\export\vs\Zlib.dll
         9 File(s) copied
     1>Done Building Project "C:\Users\Gaston\Facultad\TDI\Obligatorio 4\of_v0.8.4_vs_release\apps\myApps\exampleOutput\exampleOutput.vcxproj" (Build target(s)).

Build succeeded.

Time Elapsed 00:00:00.33
