E:\FACULTAD\TDI\PROGRAMAS\OF_V0.8.4_VS_RELEASE\OF_V0.8.4_VS_RELEASE\APPS\MYAPPS\DOLL_HEAD_POSE_MSFT-MASTER\OBJ\DEBUG\FACEANALIZER.OBJ
E:\FACULTAD\TDI\PROGRAMAS\OF_V0.8.4_VS_RELEASE\OF_V0.8.4_VS_RELEASE\APPS\MYAPPS\DOLL_HEAD_POSE_MSFT-MASTER\OBJ\DEBUG\FACEDATA.OBJ
E:\FACULTAD\TDI\PROGRAMAS\OF_V0.8.4_VS_RELEASE\OF_V0.8.4_VS_RELEASE\APPS\MYAPPS\DOLL_HEAD_POSE_MSFT-MASTER\OBJ\DEBUG\FACEFRAME.OBJ
E:\FACULTAD\TDI\PROGRAMAS\OF_V0.8.4_VS_RELEASE\OF_V0.8.4_VS_RELEASE\APPS\MYAPPS\DOLL_HEAD_POSE_MSFT-MASTER\OBJ\DEBUG\FACEFRAMEWALRUS.OBJ
E:\FACULTAD\TDI\PROGRAMAS\OF_V0.8.4_VS_RELEASE\OF_V0.8.4_VS_RELEASE\APPS\MYAPPS\DOLL_HEAD_POSE_MSFT-MASTER\OBJ\DEBUG\FACESMANAGERWALRUS.OBJ
E:\FACULTAD\TDI\PROGRAMAS\OF_V0.8.4_VS_RELEASE\OF_V0.8.4_VS_RELEASE\APPS\MYAPPS\DOLL_HEAD_POSE_MSFT-MASTER\OBJ\DEBUG\FACESMANAGERTRACES.OBJ
E:\FACULTAD\TDI\PROGRAMAS\OF_V0.8.4_VS_RELEASE\OF_V0.8.4_VS_RELEASE\APPS\MYAPPS\DOLL_HEAD_POSE_MSFT-MASTER\OBJ\DEBUG\FACEWALRUS.OBJ
E:\FACULTAD\TDI\PROGRAMAS\OF_V0.8.4_VS_RELEASE\OF_V0.8.4_VS_RELEASE\APPS\MYAPPS\DOLL_HEAD_POSE_MSFT-MASTER\OBJ\DEBUG\FTHELPER.OBJ
E:\FACULTAD\TDI\PROGRAMAS\OF_V0.8.4_VS_RELEASE\OF_V0.8.4_VS_RELEASE\APPS\MYAPPS\DOLL_HEAD_POSE_MSFT-MASTER\OBJ\DEBUG\KINECTSENSOR.OBJ
E:\FACULTAD\TDI\PROGRAMAS\OF_V0.8.4_VS_RELEASE\OF_V0.8.4_VS_RELEASE\APPS\MYAPPS\DOLL_HEAD_POSE_MSFT-MASTER\OBJ\DEBUG\MAIN.OBJ
E:\FACULTAD\TDI\PROGRAMAS\OF_V0.8.4_VS_RELEASE\OF_V0.8.4_VS_RELEASE\APPS\MYAPPS\DOLL_HEAD_POSE_MSFT-MASTER\OBJ\DEBUG\MATRIXVIBROSOUND.OBJ
E:\FACULTAD\TDI\PROGRAMAS\OF_V0.8.4_VS_RELEASE\OF_V0.8.4_VS_RELEASE\APPS\MYAPPS\DOLL_HEAD_POSE_MSFT-MASTER\OBJ\DEBUG\MIDIGENERATOR.OBJ
E:\FACULTAD\TDI\PROGRAMAS\OF_V0.8.4_VS_RELEASE\OF_V0.8.4_VS_RELEASE\APPS\MYAPPS\DOLL_HEAD_POSE_MSFT-MASTER\OBJ\DEBUG\TRACES.OBJ
E:\FACULTAD\TDI\PROGRAMAS\OF_V0.8.4_VS_RELEASE\OF_V0.8.4_VS_RELEASE\APPS\MYAPPS\DOLL_HEAD_POSE_MSFT-MASTER\OBJ\DEBUG\STDAFX.OBJ
E:\FACULTAD\TDI\PROGRAMAS\OF_V0.8.4_VS_RELEASE\OF_V0.8.4_VS_RELEASE\APPS\MYAPPS\DOLL_HEAD_POSE_MSFT-MASTER\OBJ\DEBUG\TOM.OBJ
E:\FACULTAD\TDI\PROGRAMAS\OF_V0.8.4_VS_RELEASE\OF_V0.8.4_VS_RELEASE\APPS\MYAPPS\DOLL_HEAD_POSE_MSFT-MASTER\OBJ\DEBUG\VIBRATIONGENERATOR.OBJ
E:\FACULTAD\TDI\PROGRAMAS\OF_V0.8.4_VS_RELEASE\OF_V0.8.4_VS_RELEASE\APPS\MYAPPS\DOLL_HEAD_POSE_MSFT-MASTER\OBJ\DEBUG\VIBRATIONPATTERN.OBJ
E:\FACULTAD\TDI\PROGRAMAS\OF_V0.8.4_VS_RELEASE\OF_V0.8.4_VS_RELEASE\APPS\MYAPPS\DOLL_HEAD_POSE_MSFT-MASTER\OBJ\DEBUG\VISUALIZE.OBJ
E:\FACULTAD\TDI\PROGRAMAS\OF_V0.8.4_VS_RELEASE\OF_V0.8.4_VS_RELEASE\APPS\MYAPPS\DOLL_HEAD_POSE_MSFT-MASTER\OBJ\DEBUG\OFXCVIMAGE.OBJ
E:\FACULTAD\TDI\PROGRAMAS\OF_V0.8.4_VS_RELEASE\OF_V0.8.4_VS_RELEASE\APPS\MYAPPS\DOLL_HEAD_POSE_MSFT-MASTER\OBJ\DEBUG\OFXCVSHORTIMAGE.OBJ
E:\FACULTAD\TDI\PROGRAMAS\OF_V0.8.4_VS_RELEASE\OF_V0.8.4_VS_RELEASE\APPS\MYAPPS\DOLL_HEAD_POSE_MSFT-MASTER\OBJ\DEBUG\IPENDPOINTNAME.OBJ
E:\FACULTAD\TDI\PROGRAMAS\OF_V0.8.4_VS_RELEASE\OF_V0.8.4_VS_RELEASE\APPS\MYAPPS\DOLL_HEAD_POSE_MSFT-MASTER\OBJ\DEBUG\NETWORKINGUTILS.OBJ
E:\FACULTAD\TDI\PROGRAMAS\OF_V0.8.4_VS_RELEASE\OF_V0.8.4_VS_RELEASE\APPS\MYAPPS\DOLL_HEAD_POSE_MSFT-MASTER\OBJ\DEBUG\UDPSOCKET.OBJ
E:\FACULTAD\TDI\PROGRAMAS\OF_V0.8.4_VS_RELEASE\OF_V0.8.4_VS_RELEASE\APPS\MYAPPS\DOLL_HEAD_POSE_MSFT-MASTER\OBJ\DEBUG\NETWORKINGUTILSWIN.OBJ
E:\FACULTAD\TDI\PROGRAMAS\OF_V0.8.4_VS_RELEASE\OF_V0.8.4_VS_RELEASE\APPS\MYAPPS\DOLL_HEAD_POSE_MSFT-MASTER\OBJ\DEBUG\UDPSOCKETWIN.OBJ
E:\FACULTAD\TDI\PROGRAMAS\OF_V0.8.4_VS_RELEASE\OF_V0.8.4_VS_RELEASE\APPS\MYAPPS\DOLL_HEAD_POSE_MSFT-MASTER\OBJ\DEBUG\OSCOUTBOUNDPACKETSTREAM.OBJ
E:\FACULTAD\TDI\PROGRAMAS\OF_V0.8.4_VS_RELEASE\OF_V0.8.4_VS_RELEASE\APPS\MYAPPS\DOLL_HEAD_POSE_MSFT-MASTER\OBJ\DEBUG\OSCPRINTRECEIVEDELEMENTS.OBJ
E:\FACULTAD\TDI\PROGRAMAS\OF_V0.8.4_VS_RELEASE\OF_V0.8.4_VS_RELEASE\APPS\MYAPPS\DOLL_HEAD_POSE_MSFT-MASTER\OBJ\DEBUG\OSCRECEIVEDELEMENTS.OBJ
E:\FACULTAD\TDI\PROGRAMAS\OF_V0.8.4_VS_RELEASE\OF_V0.8.4_VS_RELEASE\APPS\MYAPPS\DOLL_HEAD_POSE_MSFT-MASTER\OBJ\DEBUG\OSCTYPES.OBJ
E:\FACULTAD\TDI\PROGRAMAS\OF_V0.8.4_VS_RELEASE\OF_V0.8.4_VS_RELEASE\APPS\MYAPPS\DOLL_HEAD_POSE_MSFT-MASTER\OBJ\DEBUG\OFXOSCBUNDLE.OBJ
E:\FACULTAD\TDI\PROGRAMAS\OF_V0.8.4_VS_RELEASE\OF_V0.8.4_VS_RELEASE\APPS\MYAPPS\DOLL_HEAD_POSE_MSFT-MASTER\OBJ\DEBUG\OFXOSCMESSAGE.OBJ
E:\FACULTAD\TDI\PROGRAMAS\OF_V0.8.4_VS_RELEASE\OF_V0.8.4_VS_RELEASE\APPS\MYAPPS\DOLL_HEAD_POSE_MSFT-MASTER\OBJ\DEBUG\OFXOSCRECEIVER.OBJ
E:\FACULTAD\TDI\PROGRAMAS\OF_V0.8.4_VS_RELEASE\OF_V0.8.4_VS_RELEASE\APPS\MYAPPS\DOLL_HEAD_POSE_MSFT-MASTER\OBJ\DEBUG\OFXOSCSENDER.OBJ
E:\FACULTAD\TDI\PROGRAMAS\OF_V0.8.4_VS_RELEASE\OF_V0.8.4_VS_RELEASE\APPS\MYAPPS\DOLL_HEAD_POSE_MSFT-MASTER\OBJ\DEBUG\TINYXML.OBJ
E:\FACULTAD\TDI\PROGRAMAS\OF_V0.8.4_VS_RELEASE\OF_V0.8.4_VS_RELEASE\APPS\MYAPPS\DOLL_HEAD_POSE_MSFT-MASTER\OBJ\DEBUG\TINYXMLERROR.OBJ
E:\FACULTAD\TDI\PROGRAMAS\OF_V0.8.4_VS_RELEASE\OF_V0.8.4_VS_RELEASE\APPS\MYAPPS\DOLL_HEAD_POSE_MSFT-MASTER\OBJ\DEBUG\TINYXMLPARSER.OBJ
E:\FACULTAD\TDI\PROGRAMAS\OF_V0.8.4_VS_RELEASE\OF_V0.8.4_VS_RELEASE\APPS\MYAPPS\DOLL_HEAD_POSE_MSFT-MASTER\OBJ\DEBUG\OFXXMLSETTINGS.OBJ
E:\FACULTAD\TDI\PROGRAMAS\OF_V0.8.4_VS_RELEASE\OF_V0.8.4_VS_RELEASE\APPS\MYAPPS\DOLL_HEAD_POSE_MSFT-MASTER\OBJ\DEBUG\CHROMATION.OBJ
E:\FACULTAD\TDI\PROGRAMAS\OF_V0.8.4_VS_RELEASE\OF_V0.8.4_VS_RELEASE\APPS\MYAPPS\DOLL_HEAD_POSE_MSFT-MASTER\OBJ\DEBUG\RTMIDI.OBJ
E:\FACULTAD\TDI\PROGRAMAS\OF_V0.8.4_VS_RELEASE\OF_V0.8.4_VS_RELEASE\APPS\MYAPPS\DOLL_HEAD_POSE_MSFT-MASTER\OBJ\DEBUG\OFXRTMIDIIN.OBJ
E:\FACULTAD\TDI\PROGRAMAS\OF_V0.8.4_VS_RELEASE\OF_V0.8.4_VS_RELEASE\APPS\MYAPPS\DOLL_HEAD_POSE_MSFT-MASTER\OBJ\DEBUG\OFXRTMIDIOUT.OBJ
E:\FACULTAD\TDI\PROGRAMAS\OF_V0.8.4_VS_RELEASE\OF_V0.8.4_VS_RELEASE\APPS\MYAPPS\DOLL_HEAD_POSE_MSFT-MASTER\OBJ\DEBUG\OFXBASEMIDI.OBJ
E:\FACULTAD\TDI\PROGRAMAS\OF_V0.8.4_VS_RELEASE\OF_V0.8.4_VS_RELEASE\APPS\MYAPPS\DOLL_HEAD_POSE_MSFT-MASTER\OBJ\DEBUG\OFXMIDI.OBJ
E:\FACULTAD\TDI\PROGRAMAS\OF_V0.8.4_VS_RELEASE\OF_V0.8.4_VS_RELEASE\APPS\MYAPPS\DOLL_HEAD_POSE_MSFT-MASTER\OBJ\DEBUG\OFXMIDIIN.OBJ
E:\FACULTAD\TDI\PROGRAMAS\OF_V0.8.4_VS_RELEASE\OF_V0.8.4_VS_RELEASE\APPS\MYAPPS\DOLL_HEAD_POSE_MSFT-MASTER\OBJ\DEBUG\OFXMIDIMESSAGE.OBJ
E:\FACULTAD\TDI\PROGRAMAS\OF_V0.8.4_VS_RELEASE\OF_V0.8.4_VS_RELEASE\APPS\MYAPPS\DOLL_HEAD_POSE_MSFT-MASTER\OBJ\DEBUG\OFXMIDIOUT.OBJ
E:\FACULTAD\TDI\PROGRAMAS\OF_V0.8.4_VS_RELEASE\OF_V0.8.4_VS_RELEASE\APPS\MYAPPS\DOLL_HEAD_POSE_MSFT-MASTER\OBJ\DEBUG\OFXCVCOLORIMAGE.OBJ
E:\FACULTAD\TDI\PROGRAMAS\OF_V0.8.4_VS_RELEASE\OF_V0.8.4_VS_RELEASE\APPS\MYAPPS\DOLL_HEAD_POSE_MSFT-MASTER\OBJ\DEBUG\OFXCVCONTOURFINDER.OBJ
E:\FACULTAD\TDI\PROGRAMAS\OF_V0.8.4_VS_RELEASE\OF_V0.8.4_VS_RELEASE\APPS\MYAPPS\DOLL_HEAD_POSE_MSFT-MASTER\OBJ\DEBUG\OFXCVFLOATIMAGE.OBJ
E:\FACULTAD\TDI\PROGRAMAS\OF_V0.8.4_VS_RELEASE\OF_V0.8.4_VS_RELEASE\APPS\MYAPPS\DOLL_HEAD_POSE_MSFT-MASTER\OBJ\DEBUG\OFXCVGRAYSCALEIMAGE.OBJ
E:\FACULTAD\TDI\PROGRAMAS\OF_V0.8.4_VS_RELEASE\OF_V0.8.4_VS_RELEASE\APPS\MYAPPS\DOLL_HEAD_POSE_MSFT-MASTER\OBJ\DEBUG\OFXCVHAARFINDER.OBJ
E:\FACULTAD\TDI\PROGRAMAS\OF_V0.8.4_VS_RELEASE\OF_V0.8.4_VS_RELEASE\APPS\MYAPPS\DOLL_HEAD_POSE_MSFT-MASTER\OBJ\DEBUG\VC110.PDB
E:\FACULTAD\TDI\PROGRAMAS\OF_V0.8.4_VS_RELEASE\OF_V0.8.4_VS_RELEASE\APPS\MYAPPS\DOLL_HEAD_POSE_MSFT-MASTER\OBJ\DEBUG\FACETRACKERMANAGER.OBJ
E:\FACULTAD\TDI\PROGRAMAS\OF_V0.8.4_VS_RELEASE\OF_V0.8.4_VS_RELEASE\APPS\MYAPPS\DOLL_HEAD_POSE_MSFT-MASTER\OBJ\DEBUG\KINECTMANAGER.OBJ
E:\Facultad\tdi\programas\of_v0.8.4_vs_release\of_v0.8.4_vs_release\apps\myApps\Doll_Head_Pose_MSFT-master\bin\Doll_Head_Pose_MSFT_debug.lib
E:\Facultad\tdi\programas\of_v0.8.4_vs_release\of_v0.8.4_vs_release\apps\myApps\Doll_Head_Pose_MSFT-master\bin\Doll_Head_Pose_MSFT_debug.exp
E:\FACULTAD\TDI\PROGRAMAS\OF_V0.8.4_VS_RELEASE\OF_V0.8.4_VS_RELEASE\APPS\MYAPPS\DOLL_HEAD_POSE_MSFT-MASTER\BIN\DOLL_HEAD_POSE_MSFT_DEBUG.ILK
E:\FACULTAD\TDI\PROGRAMAS\OF_V0.8.4_VS_RELEASE\OF_V0.8.4_VS_RELEASE\APPS\MYAPPS\DOLL_HEAD_POSE_MSFT-MASTER\BIN\DOLL_HEAD_POSE_MSFT_DEBUG.EXE
E:\FACULTAD\TDI\PROGRAMAS\OF_V0.8.4_VS_RELEASE\OF_V0.8.4_VS_RELEASE\APPS\MYAPPS\DOLL_HEAD_POSE_MSFT-MASTER\BIN\DOLL_HEAD_POSE_MSFT_DEBUG_DEBUGINFO.PDB
E:\Facultad\tdi\programas\of_v0.8.4_vs_release\of_v0.8.4_vs_release\apps\myApps\Doll_Head_Pose_MSFT-master\obj\Debug\Chromation.obj
E:\Facultad\tdi\programas\of_v0.8.4_vs_release\of_v0.8.4_vs_release\apps\myApps\Doll_Head_Pose_MSFT-master\obj\Debug\FaceAnalizer.obj
E:\Facultad\tdi\programas\of_v0.8.4_vs_release\of_v0.8.4_vs_release\apps\myApps\Doll_Head_Pose_MSFT-master\obj\Debug\FaceData.obj
E:\Facultad\tdi\programas\of_v0.8.4_vs_release\of_v0.8.4_vs_release\apps\myApps\Doll_Head_Pose_MSFT-master\obj\Debug\FaceFrame.obj
E:\Facultad\tdi\programas\of_v0.8.4_vs_release\of_v0.8.4_vs_release\apps\myApps\Doll_Head_Pose_MSFT-master\obj\Debug\FaceFrameWalrus.obj
E:\Facultad\tdi\programas\of_v0.8.4_vs_release\of_v0.8.4_vs_release\apps\myApps\Doll_Head_Pose_MSFT-master\obj\Debug\FacesManagerTraces.obj
E:\Facultad\tdi\programas\of_v0.8.4_vs_release\of_v0.8.4_vs_release\apps\myApps\Doll_Head_Pose_MSFT-master\obj\Debug\FacesManagerWalrus.obj
E:\Facultad\tdi\programas\of_v0.8.4_vs_release\of_v0.8.4_vs_release\apps\myApps\Doll_Head_Pose_MSFT-master\obj\Debug\FaceTrackerManager.obj
E:\Facultad\tdi\programas\of_v0.8.4_vs_release\of_v0.8.4_vs_release\apps\myApps\Doll_Head_Pose_MSFT-master\obj\Debug\FaceWalrus.obj
E:\Facultad\tdi\programas\of_v0.8.4_vs_release\of_v0.8.4_vs_release\apps\myApps\Doll_Head_Pose_MSFT-master\obj\Debug\FTHelper.obj
E:\Facultad\tdi\programas\of_v0.8.4_vs_release\of_v0.8.4_vs_release\apps\myApps\Doll_Head_Pose_MSFT-master\obj\Debug\IpEndpointName.obj
E:\Facultad\tdi\programas\of_v0.8.4_vs_release\of_v0.8.4_vs_release\apps\myApps\Doll_Head_Pose_MSFT-master\obj\Debug\KinectManager.obj
E:\Facultad\tdi\programas\of_v0.8.4_vs_release\of_v0.8.4_vs_release\apps\myApps\Doll_Head_Pose_MSFT-master\obj\Debug\KinectSensor.obj
E:\Facultad\tdi\programas\of_v0.8.4_vs_release\of_v0.8.4_vs_release\apps\myApps\Doll_Head_Pose_MSFT-master\obj\Debug\main.obj
E:\Facultad\tdi\programas\of_v0.8.4_vs_release\of_v0.8.4_vs_release\apps\myApps\Doll_Head_Pose_MSFT-master\obj\Debug\MatrixVibroSound.obj
E:\Facultad\tdi\programas\of_v0.8.4_vs_release\of_v0.8.4_vs_release\apps\myApps\Doll_Head_Pose_MSFT-master\obj\Debug\MidiGenerator.obj
E:\Facultad\tdi\programas\of_v0.8.4_vs_release\of_v0.8.4_vs_release\apps\myApps\Doll_Head_Pose_MSFT-master\obj\Debug\NetworkingUtils.obj
E:\Facultad\tdi\programas\of_v0.8.4_vs_release\of_v0.8.4_vs_release\apps\myApps\Doll_Head_Pose_MSFT-master\obj\Debug\NetworkingUtilsWin.obj
E:\Facultad\tdi\programas\of_v0.8.4_vs_release\of_v0.8.4_vs_release\apps\myApps\Doll_Head_Pose_MSFT-master\obj\Debug\ofxBaseMidi.obj
E:\Facultad\tdi\programas\of_v0.8.4_vs_release\of_v0.8.4_vs_release\apps\myApps\Doll_Head_Pose_MSFT-master\obj\Debug\ofxCvColorImage.obj
E:\Facultad\tdi\programas\of_v0.8.4_vs_release\of_v0.8.4_vs_release\apps\myApps\Doll_Head_Pose_MSFT-master\obj\Debug\ofxCvContourFinder.obj
E:\Facultad\tdi\programas\of_v0.8.4_vs_release\of_v0.8.4_vs_release\apps\myApps\Doll_Head_Pose_MSFT-master\obj\Debug\ofxCvFloatImage.obj
E:\Facultad\tdi\programas\of_v0.8.4_vs_release\of_v0.8.4_vs_release\apps\myApps\Doll_Head_Pose_MSFT-master\obj\Debug\ofxCvGrayscaleImage.obj
E:\Facultad\tdi\programas\of_v0.8.4_vs_release\of_v0.8.4_vs_release\apps\myApps\Doll_Head_Pose_MSFT-master\obj\Debug\ofxCvHaarFinder.obj
E:\Facultad\tdi\programas\of_v0.8.4_vs_release\of_v0.8.4_vs_release\apps\myApps\Doll_Head_Pose_MSFT-master\obj\Debug\ofxCvImage.obj
E:\Facultad\tdi\programas\of_v0.8.4_vs_release\of_v0.8.4_vs_release\apps\myApps\Doll_Head_Pose_MSFT-master\obj\Debug\ofxCvShortImage.obj
E:\Facultad\tdi\programas\of_v0.8.4_vs_release\of_v0.8.4_vs_release\apps\myApps\Doll_Head_Pose_MSFT-master\obj\Debug\ofxMidi.obj
E:\Facultad\tdi\programas\of_v0.8.4_vs_release\of_v0.8.4_vs_release\apps\myApps\Doll_Head_Pose_MSFT-master\obj\Debug\ofxMidiIn.obj
E:\Facultad\tdi\programas\of_v0.8.4_vs_release\of_v0.8.4_vs_release\apps\myApps\Doll_Head_Pose_MSFT-master\obj\Debug\ofxMidiMessage.obj
E:\Facultad\tdi\programas\of_v0.8.4_vs_release\of_v0.8.4_vs_release\apps\myApps\Doll_Head_Pose_MSFT-master\obj\Debug\ofxMidiOut.obj
E:\Facultad\tdi\programas\of_v0.8.4_vs_release\of_v0.8.4_vs_release\apps\myApps\Doll_Head_Pose_MSFT-master\obj\Debug\ofxOscBundle.obj
E:\Facultad\tdi\programas\of_v0.8.4_vs_release\of_v0.8.4_vs_release\apps\myApps\Doll_Head_Pose_MSFT-master\obj\Debug\ofxOscMessage.obj
E:\Facultad\tdi\programas\of_v0.8.4_vs_release\of_v0.8.4_vs_release\apps\myApps\Doll_Head_Pose_MSFT-master\obj\Debug\ofxOscReceiver.obj
E:\Facultad\tdi\programas\of_v0.8.4_vs_release\of_v0.8.4_vs_release\apps\myApps\Doll_Head_Pose_MSFT-master\obj\Debug\ofxOscSender.obj
E:\Facultad\tdi\programas\of_v0.8.4_vs_release\of_v0.8.4_vs_release\apps\myApps\Doll_Head_Pose_MSFT-master\obj\Debug\ofxRtMidiIn.obj
E:\Facultad\tdi\programas\of_v0.8.4_vs_release\of_v0.8.4_vs_release\apps\myApps\Doll_Head_Pose_MSFT-master\obj\Debug\ofxRtMidiOut.obj
E:\Facultad\tdi\programas\of_v0.8.4_vs_release\of_v0.8.4_vs_release\apps\myApps\Doll_Head_Pose_MSFT-master\obj\Debug\ofxXmlSettings.obj
E:\Facultad\tdi\programas\of_v0.8.4_vs_release\of_v0.8.4_vs_release\apps\myApps\Doll_Head_Pose_MSFT-master\obj\Debug\OscOutboundPacketStream.obj
E:\Facultad\tdi\programas\of_v0.8.4_vs_release\of_v0.8.4_vs_release\apps\myApps\Doll_Head_Pose_MSFT-master\obj\Debug\OscPrintReceivedElements.obj
E:\Facultad\tdi\programas\of_v0.8.4_vs_release\of_v0.8.4_vs_release\apps\myApps\Doll_Head_Pose_MSFT-master\obj\Debug\OscReceivedElements.obj
E:\Facultad\tdi\programas\of_v0.8.4_vs_release\of_v0.8.4_vs_release\apps\myApps\Doll_Head_Pose_MSFT-master\obj\Debug\OscTypes.obj
E:\Facultad\tdi\programas\of_v0.8.4_vs_release\of_v0.8.4_vs_release\apps\myApps\Doll_Head_Pose_MSFT-master\obj\Debug\RtMidi.obj
E:\Facultad\tdi\programas\of_v0.8.4_vs_release\of_v0.8.4_vs_release\apps\myApps\Doll_Head_Pose_MSFT-master\obj\Debug\stdafx.obj
E:\Facultad\tdi\programas\of_v0.8.4_vs_release\of_v0.8.4_vs_release\apps\myApps\Doll_Head_Pose_MSFT-master\obj\Debug\tinyxml.obj
E:\Facultad\tdi\programas\of_v0.8.4_vs_release\of_v0.8.4_vs_release\apps\myApps\Doll_Head_Pose_MSFT-master\obj\Debug\tinyxmlerror.obj
E:\Facultad\tdi\programas\of_v0.8.4_vs_release\of_v0.8.4_vs_release\apps\myApps\Doll_Head_Pose_MSFT-master\obj\Debug\tinyxmlparser.obj
E:\Facultad\tdi\programas\of_v0.8.4_vs_release\of_v0.8.4_vs_release\apps\myApps\Doll_Head_Pose_MSFT-master\obj\Debug\tom.obj
E:\Facultad\tdi\programas\of_v0.8.4_vs_release\of_v0.8.4_vs_release\apps\myApps\Doll_Head_Pose_MSFT-master\obj\Debug\Traces.obj
E:\Facultad\tdi\programas\of_v0.8.4_vs_release\of_v0.8.4_vs_release\apps\myApps\Doll_Head_Pose_MSFT-master\obj\Debug\UdpSocket.obj
E:\Facultad\tdi\programas\of_v0.8.4_vs_release\of_v0.8.4_vs_release\apps\myApps\Doll_Head_Pose_MSFT-master\obj\Debug\UdpSocketWin.obj
E:\Facultad\tdi\programas\of_v0.8.4_vs_release\of_v0.8.4_vs_release\apps\myApps\Doll_Head_Pose_MSFT-master\obj\Debug\VibrationGenerator.obj
E:\Facultad\tdi\programas\of_v0.8.4_vs_release\of_v0.8.4_vs_release\apps\myApps\Doll_Head_Pose_MSFT-master\obj\Debug\VibrationPattern.obj
E:\Facultad\tdi\programas\of_v0.8.4_vs_release\of_v0.8.4_vs_release\apps\myApps\Doll_Head_Pose_MSFT-master\obj\Debug\Visualize.obj
E:\Facultad\tdi\programas\of_v0.8.4_vs_release\of_v0.8.4_vs_release\apps\myApps\Doll_Head_Pose_MSFT-master\obj\Debug\cl.command.1.tlog
E:\Facultad\tdi\programas\of_v0.8.4_vs_release\of_v0.8.4_vs_release\apps\myApps\Doll_Head_Pose_MSFT-master\obj\Debug\CL.read.1.tlog
E:\Facultad\tdi\programas\of_v0.8.4_vs_release\of_v0.8.4_vs_release\apps\myApps\Doll_Head_Pose_MSFT-master\obj\Debug\CL.write.1.tlog
E:\Facultad\tdi\programas\of_v0.8.4_vs_release\of_v0.8.4_vs_release\apps\myApps\Doll_Head_Pose_MSFT-master\obj\Debug\Doll_Head_Pose_MSFT.write.1.tlog
E:\Facultad\tdi\programas\of_v0.8.4_vs_release\of_v0.8.4_vs_release\apps\myApps\Doll_Head_Pose_MSFT-master\obj\Debug\link-cvtres.read.1.tlog
E:\Facultad\tdi\programas\of_v0.8.4_vs_release\of_v0.8.4_vs_release\apps\myApps\Doll_Head_Pose_MSFT-master\obj\Debug\link-cvtres.write.1.tlog
E:\Facultad\tdi\programas\of_v0.8.4_vs_release\of_v0.8.4_vs_release\apps\myApps\Doll_Head_Pose_MSFT-master\obj\Debug\link-rc.read.1.tlog
E:\Facultad\tdi\programas\of_v0.8.4_vs_release\of_v0.8.4_vs_release\apps\myApps\Doll_Head_Pose_MSFT-master\obj\Debug\link-rc.write.1.tlog
E:\Facultad\tdi\programas\of_v0.8.4_vs_release\of_v0.8.4_vs_release\apps\myApps\Doll_Head_Pose_MSFT-master\obj\Debug\link.3956-cvtres.read.1.tlog
E:\Facultad\tdi\programas\of_v0.8.4_vs_release\of_v0.8.4_vs_release\apps\myApps\Doll_Head_Pose_MSFT-master\obj\Debug\link.3956-cvtres.write.1.tlog
E:\Facultad\tdi\programas\of_v0.8.4_vs_release\of_v0.8.4_vs_release\apps\myApps\Doll_Head_Pose_MSFT-master\obj\Debug\link.3956-rc.read.1.tlog
E:\Facultad\tdi\programas\of_v0.8.4_vs_release\of_v0.8.4_vs_release\apps\myApps\Doll_Head_Pose_MSFT-master\obj\Debug\link.3956-rc.write.1.tlog
E:\Facultad\tdi\programas\of_v0.8.4_vs_release\of_v0.8.4_vs_release\apps\myApps\Doll_Head_Pose_MSFT-master\obj\Debug\link.3956.read.1.tlog
E:\Facultad\tdi\programas\of_v0.8.4_vs_release\of_v0.8.4_vs_release\apps\myApps\Doll_Head_Pose_MSFT-master\obj\Debug\link.3956.write.1.tlog
E:\Facultad\tdi\programas\of_v0.8.4_vs_release\of_v0.8.4_vs_release\apps\myApps\Doll_Head_Pose_MSFT-master\obj\Debug\link.6884-cvtres.read.1.tlog
E:\Facultad\tdi\programas\of_v0.8.4_vs_release\of_v0.8.4_vs_release\apps\myApps\Doll_Head_Pose_MSFT-master\obj\Debug\link.6884-cvtres.write.1.tlog
E:\Facultad\tdi\programas\of_v0.8.4_vs_release\of_v0.8.4_vs_release\apps\myApps\Doll_Head_Pose_MSFT-master\obj\Debug\link.6884-rc.read.1.tlog
E:\Facultad\tdi\programas\of_v0.8.4_vs_release\of_v0.8.4_vs_release\apps\myApps\Doll_Head_Pose_MSFT-master\obj\Debug\link.6884-rc.write.1.tlog
E:\Facultad\tdi\programas\of_v0.8.4_vs_release\of_v0.8.4_vs_release\apps\myApps\Doll_Head_Pose_MSFT-master\obj\Debug\link.6884.read.1.tlog
E:\Facultad\tdi\programas\of_v0.8.4_vs_release\of_v0.8.4_vs_release\apps\myApps\Doll_Head_Pose_MSFT-master\obj\Debug\link.6884.write.1.tlog
E:\Facultad\tdi\programas\of_v0.8.4_vs_release\of_v0.8.4_vs_release\apps\myApps\Doll_Head_Pose_MSFT-master\obj\Debug\link.8016-cvtres.read.1.tlog
E:\Facultad\tdi\programas\of_v0.8.4_vs_release\of_v0.8.4_vs_release\apps\myApps\Doll_Head_Pose_MSFT-master\obj\Debug\link.8016-cvtres.write.1.tlog
E:\Facultad\tdi\programas\of_v0.8.4_vs_release\of_v0.8.4_vs_release\apps\myApps\Doll_Head_Pose_MSFT-master\obj\Debug\link.8016-rc.read.1.tlog
E:\Facultad\tdi\programas\of_v0.8.4_vs_release\of_v0.8.4_vs_release\apps\myApps\Doll_Head_Pose_MSFT-master\obj\Debug\link.8016-rc.write.1.tlog
E:\Facultad\tdi\programas\of_v0.8.4_vs_release\of_v0.8.4_vs_release\apps\myApps\Doll_Head_Pose_MSFT-master\obj\Debug\link.8016.read.1.tlog
E:\Facultad\tdi\programas\of_v0.8.4_vs_release\of_v0.8.4_vs_release\apps\myApps\Doll_Head_Pose_MSFT-master\obj\Debug\link.8016.write.1.tlog
E:\Facultad\tdi\programas\of_v0.8.4_vs_release\of_v0.8.4_vs_release\apps\myApps\Doll_Head_Pose_MSFT-master\obj\Debug\link.command.1.tlog
E:\Facultad\tdi\programas\of_v0.8.4_vs_release\of_v0.8.4_vs_release\apps\myApps\Doll_Head_Pose_MSFT-master\obj\Debug\link.read.1.tlog
E:\Facultad\tdi\programas\of_v0.8.4_vs_release\of_v0.8.4_vs_release\apps\myApps\Doll_Head_Pose_MSFT-master\obj\Debug\link.write.1.tlog
E:\Facultad\tdi\programas\of_v0.8.4_vs_release\of_v0.8.4_vs_release\apps\myApps\Doll_Head_Pose_MSFT-master\obj\Debug\vc110.idb
E:\Facultad\tdi\programas\of_v0.8.4_vs_release\of_v0.8.4_vs_release\apps\myApps\Doll_Head_Pose_MSFT-master\obj\Debug\vc110.pdb
E:\Facultad\tdi\programas\of_v0.8.4_vs_release\of_v0.8.4_vs_release\apps\myApps\Doll_Head_Pose_MSFT-master\bin\Doll_Head_Pose_MSFT_debug.exe
